# Logfile created on 2014-01-13 08:38:22 -0800 by logger.rb/41954
I, [2014-01-13T08:38:22.401130 #37304]  INFO -- : 0:  rake (10.1.0) from /Users/jaypatel/.rvm/gems/ruby-2.0.0-p353/specifications/rake-10.1.0.gemspec
I, [2014-01-13T08:38:22.401708 #37304]  INFO -- : 0:  i18n (0.6.5) from /Users/jaypatel/.rvm/gems/ruby-2.0.0-p353/specifications/i18n-0.6.5.gemspec
I, [2014-01-13T08:38:22.402243 #37304]  INFO -- : 0:  minitest (4.7.5) from /Users/jaypatel/.rvm/gems/ruby-2.0.0-p353/specifications/minitest-4.7.5.gemspec
I, [2014-01-13T08:38:22.402621 #37304]  INFO -- : 0:  multi_json (1.8.2) from /Users/jaypatel/.rvm/gems/ruby-2.0.0-p353/specifications/multi_json-1.8.2.gemspec
I, [2014-01-13T08:38:22.403005 #37304]  INFO -- : 0:  atomic (1.1.14) from /Users/jaypatel/.rvm/gems/ruby-2.0.0-p353/specifications/atomic-1.1.14.gemspec
I, [2014-01-13T08:38:22.403370 #37304]  INFO -- : 0:  thread_safe (0.1.3) from /Users/jaypatel/.rvm/gems/ruby-2.0.0-p353/specifications/thread_safe-0.1.3.gemspec
I, [2014-01-13T08:38:22.403712 #37304]  INFO -- : 0:  tzinfo (0.3.38) from /Users/jaypatel/.rvm/gems/ruby-2.0.0-p353/specifications/tzinfo-0.3.38.gemspec
I, [2014-01-13T08:38:22.404063 #37304]  INFO -- : 0:  activesupport (4.0.1) from /Users/jaypatel/.rvm/gems/ruby-2.0.0-p353/specifications/activesupport-4.0.1.gemspec
I, [2014-01-13T08:38:22.404414 #37304]  INFO -- : 0:  builder (3.1.4) from /Users/jaypatel/.rvm/gems/ruby-2.0.0-p353/specifications/builder-3.1.4.gemspec
I, [2014-01-13T08:38:22.404757 #37304]  INFO -- : 0:  erubis (2.7.0) from /Users/jaypatel/.rvm/gems/ruby-2.0.0-p353/specifications/erubis-2.7.0.gemspec
I, [2014-01-13T08:38:22.405123 #37304]  INFO -- : 0:  rack (1.5.2) from /Users/jaypatel/.rvm/gems/ruby-2.0.0-p353/specifications/rack-1.5.2.gemspec
I, [2014-01-13T08:38:22.405616 #37304]  INFO -- : 0:  rack-test (0.6.2) from /Users/jaypatel/.rvm/gems/ruby-2.0.0-p353/specifications/rack-test-0.6.2.gemspec
I, [2014-01-13T08:38:22.406021 #37304]  INFO -- : 0:  actionpack (4.0.1) from /Users/jaypatel/.rvm/gems/ruby-2.0.0-p353/specifications/actionpack-4.0.1.gemspec
I, [2014-01-13T08:38:22.406396 #37304]  INFO -- : 0:  mime-types (1.25.1) from /Users/jaypatel/.rvm/gems/ruby-2.0.0-p353/specifications/mime-types-1.25.1.gemspec
I, [2014-01-13T08:38:22.406760 #37304]  INFO -- : 0:  polyglot (0.3.3) from /Users/jaypatel/.rvm/gems/ruby-2.0.0-p353/specifications/polyglot-0.3.3.gemspec
I, [2014-01-13T08:38:22.407129 #37304]  INFO -- : 0:  treetop (1.4.15) from /Users/jaypatel/.rvm/gems/ruby-2.0.0-p353/specifications/treetop-1.4.15.gemspec
I, [2014-01-13T08:38:22.407822 #37304]  INFO -- : 0:  mail (2.5.4) from /Users/jaypatel/.rvm/gems/ruby-2.0.0-p353/specifications/mail-2.5.4.gemspec
I, [2014-01-13T08:38:22.408231 #37304]  INFO -- : 0:  actionmailer (4.0.1) from /Users/jaypatel/.rvm/gems/ruby-2.0.0-p353/specifications/actionmailer-4.0.1.gemspec
I, [2014-01-13T08:38:22.408649 #37304]  INFO -- : 0:  activemodel (4.0.1) from /Users/jaypatel/.rvm/gems/ruby-2.0.0-p353/specifications/activemodel-4.0.1.gemspec
I, [2014-01-13T08:38:22.409027 #37304]  INFO -- : 0:  activerecord-deprecated_finders (1.0.3) from /Users/jaypatel/.rvm/gems/ruby-2.0.0-p353/specifications/activerecord-deprecated_finders-1.0.3.gemspec
I, [2014-01-13T08:38:22.409402 #37304]  INFO -- : 0:  arel (4.0.1) from /Users/jaypatel/.rvm/gems/ruby-2.0.0-p353/specifications/arel-4.0.1.gemspec
I, [2014-01-13T08:38:22.409738 #37304]  INFO -- : 0:  activerecord (4.0.1) from /Users/jaypatel/.rvm/gems/ruby-2.0.0-p353/specifications/activerecord-4.0.1.gemspec
I, [2014-01-13T08:38:22.410067 #37304]  INFO -- : 0:  thor (0.18.1) from /Users/jaypatel/.rvm/gems/ruby-2.0.0-p353/specifications/thor-0.18.1.gemspec
I, [2014-01-13T08:38:22.410407 #37304]  INFO -- : 0:  railties (4.0.1) from /Users/jaypatel/.rvm/gems/ruby-2.0.0-p353/specifications/railties-4.0.1.gemspec
I, [2014-01-13T08:38:22.410764 #37304]  INFO -- : 0:  sass (3.2.12) from /Users/jaypatel/.rvm/gems/ruby-2.0.0-p353/specifications/sass-3.2.12.gemspec
I, [2014-01-13T08:38:22.411088 #37304]  INFO -- : 0:  hike (1.2.3) from /Users/jaypatel/.rvm/gems/ruby-2.0.0-p353/specifications/hike-1.2.3.gemspec
I, [2014-01-13T08:38:22.411716 #37304]  INFO -- : 0:  tilt (1.4.1) from /Users/jaypatel/.rvm/gems/ruby-2.0.0-p353/specifications/tilt-1.4.1.gemspec
I, [2014-01-13T08:38:22.412922 #37304]  INFO -- : 0:  sprockets (2.10.1) from /Users/jaypatel/.rvm/gems/ruby-2.0.0-p353/specifications/sprockets-2.10.1.gemspec
I, [2014-01-13T08:38:22.413341 #37304]  INFO -- : 0:  sprockets-rails (2.0.1) from /Users/jaypatel/.rvm/gems/ruby-2.0.0-p353/specifications/sprockets-rails-2.0.1.gemspec
I, [2014-01-13T08:38:22.413774 #37304]  INFO -- : 0:  sass-rails (4.0.1) from /Users/jaypatel/.rvm/gems/ruby-2.0.0-p353/specifications/sass-rails-4.0.1.gemspec
I, [2014-01-13T08:38:22.414193 #37304]  INFO -- : 0:  bootstrap-sass-rails (3.0.2.1) from /Users/jaypatel/.rvm/gems/ruby-2.0.0-p353/specifications/bootstrap-sass-rails-3.0.2.1.gemspec
I, [2014-01-13T08:38:22.414546 #37304]  INFO -- : 0:  bundler (1.5.1) from /Users/jaypatel/.rvm/gems/ruby-2.0.0-p353@global/specifications/bundler-1.5.1.gemspec
I, [2014-01-13T08:38:22.414970 #37304]  INFO -- : 0:  coffee-script-source (1.6.3) from /Users/jaypatel/.rvm/gems/ruby-2.0.0-p353/specifications/coffee-script-source-1.6.3.gemspec
I, [2014-01-13T08:38:22.415298 #37304]  INFO -- : 0:  execjs (2.0.2) from /Users/jaypatel/.rvm/gems/ruby-2.0.0-p353/specifications/execjs-2.0.2.gemspec
I, [2014-01-13T08:38:22.415657 #37304]  INFO -- : 0:  coffee-script (2.2.0) from /Users/jaypatel/.rvm/gems/ruby-2.0.0-p353/specifications/coffee-script-2.2.0.gemspec
I, [2014-01-13T08:38:22.415987 #37304]  INFO -- : 0:  coffee-rails (4.0.1) from /Users/jaypatel/.rvm/gems/ruby-2.0.0-p353/specifications/coffee-rails-4.0.1.gemspec
I, [2014-01-13T08:38:22.416344 #37304]  INFO -- : 0:  d3-rails (3.3.7) from /Users/jaypatel/.rvm/gems/ruby-2.0.0-p353/specifications/d3-rails-3.3.7.gemspec
I, [2014-01-13T08:38:22.416701 #37304]  INFO -- : 0:  jbuilder (1.5.2) from /Users/jaypatel/.rvm/gems/ruby-2.0.0-p353/specifications/jbuilder-1.5.2.gemspec
I, [2014-01-13T08:38:22.417022 #37304]  INFO -- : 0:  jquery-rails (3.0.4) from /Users/jaypatel/.rvm/gems/ruby-2.0.0-p353/specifications/jquery-rails-3.0.4.gemspec
I, [2014-01-13T08:38:22.417395 #37304]  INFO -- : 0:  json (1.8.1) from /Users/jaypatel/.rvm/gems/ruby-2.0.0-p353/specifications/json-1.8.1.gemspec
I, [2014-01-13T08:38:30.808607 #37304]  INFO -- : 0:  kgio (2.8.1) from /Users/jaypatel/.rvm/gems/ruby-2.0.0-p353/specifications/kgio-2.8.1.gemspec
I, [2014-01-13T08:38:30.809396 #37304]  INFO -- : 0:  pg (0.17.1) from /Users/jaypatel/.rvm/gems/ruby-2.0.0-p353/specifications/pg-0.17.1.gemspec
I, [2014-01-13T08:38:30.809808 #37304]  INFO -- : 0:  rails (4.0.1) from /Users/jaypatel/.rvm/gems/ruby-2.0.0-p353/specifications/rails-4.0.1.gemspec
I, [2014-01-13T08:38:30.810226 #37304]  INFO -- : 0:  rails_serve_static_assets (0.0.2) from /Users/jaypatel/.rvm/gems/ruby-2.0.0-p353/specifications/rails_serve_static_assets-0.0.2.gemspec
I, [2014-01-13T08:38:30.810636 #37304]  INFO -- : 0:  rails_stdout_logging (0.0.3) from /Users/jaypatel/.rvm/gems/ruby-2.0.0-p353/specifications/rails_stdout_logging-0.0.3.gemspec
I, [2014-01-13T08:38:30.811051 #37304]  INFO -- : 0:  rails_12factor (0.0.2) from /Users/jaypatel/.rvm/gems/ruby-2.0.0-p353/specifications/rails_12factor-0.0.2.gemspec
I, [2014-01-13T08:38:32.901682 #37304]  INFO -- : 0:  raindrops (0.12.0) from /Users/jaypatel/.rvm/gems/ruby-2.0.0-p353/specifications/raindrops-0.12.0.gemspec
I, [2014-01-13T08:38:32.902524 #37304]  INFO -- : 0:  rdoc (3.12.2) from /Users/jaypatel/.rvm/gems/ruby-2.0.0-p353/specifications/rdoc-3.12.2.gemspec
I, [2014-01-13T08:38:32.903110 #37304]  INFO -- : 0:  sdoc (0.3.20) from /Users/jaypatel/.rvm/gems/ruby-2.0.0-p353/specifications/sdoc-0.3.20.gemspec
I, [2014-01-13T08:38:32.903535 #37304]  INFO -- : 0:  turbolinks (1.3.1) from /Users/jaypatel/.rvm/gems/ruby-2.0.0-p353/specifications/turbolinks-1.3.1.gemspec
I, [2014-01-13T08:38:32.903943 #37304]  INFO -- : 0:  uglifier (2.3.1) from /Users/jaypatel/.rvm/gems/ruby-2.0.0-p353/specifications/uglifier-2.3.1.gemspec
I, [2014-01-13T08:38:36.354600 #37304]  INFO -- : 0:  unicorn (4.8.0) from /Users/jaypatel/.rvm/gems/ruby-2.0.0-p353/specifications/unicorn-4.8.0.gemspec
